<?xml version="1.0" encoding="UTF-8"?>
<!-- Generated by org.testng.reporters.JUnitReportReporter -->
<testsuite skipped="0" hostname="TIPS" name="tests.IFramePract" tests="1" failures="0" timestamp="2022-05-31T17:55:21 CDT" time="15.888" errors="0">
  <testcase name="iframePractice" time="15.888" classname="tests.IFramePract"/>
  <system-out/>
</testsuite> <!-- tests.IFramePract -->
