<?xml version="1.0" encoding="UTF-8"?>
<!-- Generated by org.testng.reporters.JUnitReportReporter -->
<testsuite skipped="0" hostname="TIPS" name="tests.AlertPra" tests="1" failures="0" timestamp="2022-05-31T17:30:04 CDT" time="13.394" errors="0">
  <testcase name="practiceAlert" time="13.394" classname="tests.AlertPra"/>
  <system-out/>
</testsuite> <!-- tests.AlertPra -->
